[2019-02-05 22:59:13,539] {main.py:21} INFO - Pozvan view index
[2019-02-05 22:59:14,814] {main.py:30} INFO - Pozvan view djelatnosti
[2019-02-05 23:00:07,633] {main.py:21} INFO - Pozvan view index
[2019-02-05 23:00:08,660] {main.py:21} INFO - Pozvan view index
[2019-02-05 23:00:09,225] {main.py:30} INFO - Pozvan view djelatnosti
[2019-02-05 23:00:17,161] {main.py:21} INFO - Pozvan view index
[2019-02-05 23:05:50,333] {main.py:30} INFO - Pozvan view djelatnosti
[2019-02-05 23:05:51,645] {main.py:21} INFO - Pozvan view index
[2019-02-05 23:05:53,538] {main.py:36} INFO - Pozvan view kontakt
[2019-02-05 23:05:56,701] {main.py:62} INFO - Pozvan view bankAccount
[2019-02-05 23:05:57,933] {main.py:105} INFO - Pozvan view komentari
[2019-02-05 23:14:27,917] {main.py:21} INFO - Pozvan view index
[2019-02-05 23:14:29,139] {main.py:21} INFO - Pozvan view index
[2019-02-05 23:25:44,584] {main.py:21} INFO - Pozvan view index
[2019-02-05 23:27:06,633] {main.py:21} INFO - Pozvan view index
[2019-02-05 23:27:08,017] {main.py:21} INFO - Pozvan view index
[2019-02-05 23:27:09,223] {main.py:43} INFO - Pozvan view chat
[2019-02-05 23:28:10,674] {main.py:21} INFO - Pozvan view index
[2019-02-05 23:28:11,720] {main.py:21} INFO - Pozvan view index
[2019-02-05 23:28:12,277] {main.py:30} INFO - Pozvan view djelatnosti
[2019-02-05 23:28:13,220] {main.py:36} INFO - Pozvan view kontakt
[2019-02-05 23:28:14,433] {main.py:43} INFO - Pozvan view chat
[2019-02-05 23:28:15,350] {main.py:63} INFO - Pozvan view bankAccount
[2019-02-05 23:28:16,285] {main.py:106} INFO - Pozvan view komentari
[2019-02-05 23:29:22,658] {main.py:21} INFO - Pozvan view index
[2019-02-05 23:29:24,127] {main.py:30} INFO - Pozvan view djelatnosti
[2019-02-05 23:29:24,757] {main.py:36} INFO - Pozvan view kontakt
[2019-02-05 23:29:25,645] {main.py:43} INFO - Pozvan view chat
[2019-02-05 23:29:26,617] {main.py:63} INFO - Pozvan view bankAccount
[2019-02-05 23:30:57,392] {main.py:21} INFO - Pozvan view index
[2019-02-05 23:30:59,007] {main.py:63} INFO - Pozvan view bankAccount
[2019-02-05 23:31:03,660] {main.py:21} INFO - Pozvan view index
[2019-02-05 23:31:05,431] {main.py:30} INFO - Pozvan view djelatnosti
[2019-02-05 23:31:48,507] {main.py:43} INFO - Pozvan view chat
[2019-02-05 23:31:51,317] {main.py:63} INFO - Pozvan view bankAccount
[2019-02-05 23:31:52,738] {main.py:106} INFO - Pozvan view komentari
[2019-02-05 23:31:53,958] {main.py:43} INFO - Pozvan view chat
[2019-02-05 23:32:36,737] {main.py:21} INFO - Pozvan view index
[2019-02-05 23:32:38,470] {main.py:43} INFO - Pozvan view chat
[2019-02-05 23:32:49,396] {main.py:43} INFO - Pozvan view chat
[2019-02-05 23:32:52,846] {main.py:21} INFO - Pozvan view index
[2019-02-05 23:32:53,755] {main.py:30} INFO - Pozvan view djelatnosti
[2019-02-05 23:32:55,472] {main.py:21} INFO - Pozvan view index
[2019-02-05 23:33:07,179] {main.py:30} INFO - Pozvan view djelatnosti
[2019-02-05 23:33:16,405] {main.py:43} INFO - Pozvan view chat
[2019-02-05 23:33:17,538] {main.py:63} INFO - Pozvan view bankAccount
[2019-02-05 23:33:19,049] {main.py:106} INFO - Pozvan view komentari
[2019-02-05 23:33:20,052] {main.py:30} INFO - Pozvan view djelatnosti
[2019-02-05 23:33:27,104] {main.py:21} INFO - Pozvan view index
[2019-02-09 11:27:39,644] {main.py:21} INFO - Pozvan view index
[2019-02-09 11:28:02,561] {main.py:30} INFO - Pozvan view djelatnosti
[2019-02-09 11:28:13,776] {main.py:43} INFO - Pozvan view chat
[2019-02-09 11:28:33,683] {main.py:43} INFO - Pozvan view chat
[2019-02-09 11:31:39,331] {main.py:106} INFO - Pozvan view komentari
[2019-02-09 11:31:40,652] {main.py:43} INFO - Pozvan view chat
[2019-02-09 11:31:41,708] {main.py:36} INFO - Pozvan view kontakt
[2019-02-09 11:31:50,028] {main.py:36} INFO - Pozvan view kontakt
[2019-02-09 11:32:08,366] {main.py:21} INFO - Pozvan view index
[2019-02-09 11:36:34,740] {main.py:43} INFO - Pozvan view chat
[2019-02-09 11:37:00,578] {main.py:21} INFO - Pozvan view index
[2019-02-09 11:37:19,019] {main.py:63} INFO - Pozvan view bankAccount
[2019-02-09 11:37:20,575] {main.py:43} INFO - Pozvan view chat
[2019-02-09 11:37:21,912] {main.py:106} INFO - Pozvan view komentari
[2019-02-09 11:37:22,667] {main.py:21} INFO - Pozvan view index
[2019-02-09 11:37:31,286] {main.py:63} INFO - Pozvan view bankAccount
[2019-02-09 11:37:34,574] {main.py:43} INFO - Pozvan view chat
[2019-02-09 11:37:38,340] {main.py:106} INFO - Pozvan view komentari
[2019-02-09 11:37:41,886] {main.py:43} INFO - Pozvan view chat
